<?xml version="1.0" encoding="UTF-8"?>
<testng-results ignored="0" total="1" passed="1" failed="0" skipped="0">
  <reporter-output>
    <line>
      <![CDATA[createCampaign]]>
    </line>
  </reporter-output>
  <suite started-at="2024-12-26T09:28:25 IST" name="Default suite" finished-at="2024-12-26T09:28:25 IST" duration-ms="87">
    <groups>
    </groups>
    <test started-at="2024-12-26T09:28:25 IST" name="Default test" finished-at="2024-12-26T09:28:25 IST" duration-ms="87">
      <class name="testscript1.Campaign">
        <test-method signature="createCampaign()[pri:0, instance:testscript1.Campaign@6d4e5011]" started-at="2024-12-26T09:28:25 IST" name="createCampaign" finished-at="2024-12-26T09:28:25 IST" duration-ms="21" status="PASS">
          <reporter-output>
            <line>
              <![CDATA[createCampaign]]>
            </line>
          </reporter-output>
        </test-method> <!-- createCampaign -->
      </class> <!-- testscript1.Campaign -->
    </test> <!-- Default test -->
  </suite> <!-- Default suite -->
</testng-results>
